# JRE version: OpenJDK Runtime Environment Temurin-17.0.1+12 (17.0.1+12) (build 17.0.1+12)
# Java VM: OpenJDK 64-Bit Server VM Temurin-17.0.1+12 (17.0.1+12, mixed mode, emulated-client, tiered, compressed oops, compressed class ptrs, g1 gc, bsd-amd64)
GC Precious Log:
 CPUs: 4 total, 4 available
 Memory: 10240M
 Large Page Support: Disabled
 NUMA Support: Disabled
 Compressed Oops: Enabled (Zero based)
 Heap Region Size: 2M
 Heap Min Capacity: 8M
 Heap Initial Capacity: 160M
 Heap Max Capacity: 2560M
 Pre-touch: Disabled
 Parallel Workers: 4
 Concurrent Workers: 1
 Concurrent Refinement Workers: 4
 Periodic GC: Disabled
Heap:
 garbage-first heap   total 59392K, used 28761K [0x0000000760000000, 0x0000000800000000)
  region size 2048K, 2 young (4096K), 1 survivors (2048K)
 Metaspace       used 61896K, committed 62720K, reserved 1105920K
  class space    used 8424K, committed 8768K, reserved 1048576K
GC Heap History (20 events):
Event: 52370.213 GC heap before
{Heap before GC invocations=117 (full 0):
 garbage-first heap   total 59392K, used 46932K [0x0000000760000000, 0x0000000800000000)
  region size 2048K, 11 young (22528K), 1 survivors (2048K)
 Metaspace       used 61808K, committed 62720K, reserved 1105920K
  class space    used 8409K, committed 8768K, reserved 1048576K
}
Event: 52370.226 GC heap after
{Heap after GC invocations=118 (full 0):
 garbage-first heap   total 59392K, used 28561K [0x0000000760000000, 0x0000000800000000)
  region size 2048K, 1 young (2048K), 1 survivors (2048K)
 Metaspace       used 61808K, committed 62720K, reserved 1105920K
  class space    used 8409K, committed 8768K, reserved 1048576K
}
Event: 53443.010 GC heap before
{Heap before GC invocations=118 (full 0):
 garbage-first heap   total 59392K, used 46993K [0x0000000760000000, 0x0000000800000000)
  region size 2048K, 11 young (22528K), 1 survivors (2048K)
 Metaspace       used 61808K, committed 62720K, reserved 1105920K
  class space    used 8409K, committed 8768K, reserved 1048576K
}
Event: 53443.012 GC heap after
{Heap after GC invocations=119 (full 0):
 garbage-first heap   total 59392K, used 28553K [0x0000000760000000, 0x0000000800000000)
  region size 2048K, 1 young (2048K), 1 survivors (2048K)
 Metaspace       used 61808K, committed 62720K, reserved 1105920K
  class space    used 8409K, committed 8768K, reserved 1048576K
}
Event: 54501.493 GC heap before
{Heap before GC invocations=120 (full 0):
 garbage-first heap   total 59392K, used 49033K [0x0000000760000000, 0x0000000800000000)
  region size 2048K, 11 young (22528K), 1 survivors (2048K)
 Metaspace       used 61808K, committed 62720K, reserved 1105920K
  class space    used 8409K, committed 8768K, reserved 1048576K
}
Event: 54501.515 GC heap after
{Heap after GC invocations=121 (full 0):
 garbage-first heap   total 59392K, used 28595K [0x0000000760000000, 0x0000000800000000)
  region size 2048K, 1 young (2048K), 1 survivors (2048K)
 Metaspace       used 61808K, committed 62720K, reserved 1105920K
  class space    used 8409K, committed 8768K, reserved 1048576K
}
Event: 55429.545 GC heap before
{Heap before GC invocations=121 (full 0):
 garbage-first heap   total 59392K, used 49075K [0x0000000760000000, 0x0000000800000000)
  region size 2048K, 11 young (22528K), 1 survivors (2048K)
 Metaspace       used 61808K, committed 62720K, reserved 1105920K
  class space    used 8409K, committed 8768K, reserved 1048576K
}
Event: 55429.556 GC heap after
{Heap after GC invocations=122 (full 0):
 garbage-first heap   total 59392K, used 28623K [0x0000000760000000, 0x0000000800000000)
  region size 2048K, 1 young (2048K), 1 survivors (2048K)
 Metaspace       used 61808K, committed 62720K, reserved 1105920K
  class space    used 8409K, committed 8768K, reserved 1048576K
}
Event: 56168.646 GC heap before
{Heap before GC invocations=123 (full 0):
 garbage-first heap   total 59392K, used 49103K [0x0000000760000000, 0x0000000800000000)
  region size 2048K, 11 young (22528K), 1 survivors (2048K)
 Metaspace       used 61808K, committed 62720K, reserved 1105920K
  class space    used 8409K, committed 8768K, reserved 1048576K
}
Event: 56168.665 GC heap after
{Heap after GC invocations=124 (full 0):
 garbage-first heap   total 59392K, used 28673K [0x0000000760000000, 0x0000000800000000)
  region size 2048K, 1 young (2048K), 1 survivors (2048K)
 Metaspace       used 61808K, committed 62720K, reserved 1105920K
  class space    used 8409K, committed 8768K, reserved 1048576K
}
Event: 57119.804 GC heap before
{Heap before GC invocations=124 (full 0):
 garbage-first heap   total 59392K, used 47105K [0x0000000760000000, 0x0000000800000000)
  region size 2048K, 11 young (22528K), 1 survivors (2048K)
 Metaspace       used 61808K, committed 62720K, reserved 1105920K
  class space    used 8409K, committed 8768K, reserved 1048576K
}
Event: 57119.814 GC heap after
{Heap after GC invocations=125 (full 0):
 garbage-first heap   total 59392K, used 28657K [0x0000000760000000, 0x0000000800000000)
  region size 2048K, 1 young (2048K), 1 survivors (2048K)
 Metaspace       used 61808K, committed 62720K, reserved 1105920K
  class space    used 8409K, committed 8768K, reserved 1048576K
}
Event: 58393.441 GC heap before
{Heap before GC invocations=126 (full 0):
 garbage-first heap   total 59392K, used 47089K [0x0000000760000000, 0x0000000800000000)
  region size 2048K, 11 young (22528K), 1 survivors (2048K)
 Metaspace       used 61841K, committed 62720K, reserved 1105920K
  class space    used 8414K, committed 8768K, reserved 1048576K
}
Event: 58393.455 GC heap after
{Heap after GC invocations=127 (full 0):
 garbage-first heap   total 59392K, used 28765K [0x0000000760000000, 0x0000000800000000)
  region size 2048K, 1 young (2048K), 1 survivors (2048K)
 Metaspace       used 61841K, committed 62720K, reserved 1105920K
  class space    used 8414K, committed 8768K, reserved 1048576K
}
Event: 58933.340 GC heap before
{Heap before GC invocations=127 (full 0):
 garbage-first heap   total 59392K, used 49245K [0x0000000760000000, 0x0000000800000000)
  region size 2048K, 11 young (22528K), 1 survivors (2048K)
 Metaspace       used 61896K, committed 62720K, reserved 1105920K
  class space    used 8424K, committed 8768K, reserved 1048576K
}
Event: 58933.455 GC heap after
{Heap after GC invocations=128 (full 0):
 garbage-first heap   total 59392K, used 28871K [0x0000000760000000, 0x0000000800000000)
  region size 2048K, 1 young (2048K), 1 survivors (2048K)
 Metaspace       used 61896K, committed 62720K, reserved 1105920K
  class space    used 8424K, committed 8768K, reserved 1048576K
}
Event: 59605.125 GC heap before
{Heap before GC invocations=129 (full 0):
 garbage-first heap   total 59392K, used 47303K [0x0000000760000000, 0x0000000800000000)
  region size 2048K, 11 young (22528K), 1 survivors (2048K)
 Metaspace       used 61896K, committed 62720K, reserved 1105920K
  class space    used 8424K, committed 8768K, reserved 1048576K
}
Event: 59605.178 GC heap after
{Heap after GC invocations=130 (full 0):
 garbage-first heap   total 59392K, used 28826K [0x0000000760000000, 0x0000000800000000)
  region size 2048K, 1 young (2048K), 1 survivors (2048K)
 Metaspace       used 61896K, committed 62720K, reserved 1105920K
  class space    used 8424K, committed 8768K, reserved 1048576K
}
Event: 60661.758 GC heap before
{Heap before GC invocations=130 (full 0):
 garbage-first heap   total 59392K, used 49306K [0x0000000760000000, 0x0000000800000000)
  region size 2048K, 11 young (22528K), 1 survivors (2048K)
 Metaspace       used 61896K, committed 62720K, reserved 1105920K
  class space    used 8424K, committed 8768K, reserved 1048576K
}
Event: 60661.795 GC heap after
{Heap after GC invocations=131 (full 0):
 garbage-first heap   total 59392K, used 28761K [0x0000000760000000, 0x0000000800000000)
  region size 2048K, 1 young (2048K), 1 survivors (2048K)
 Metaspace       used 61896K, committed 62720K, reserved 1105920K
  class space    used 8424K, committed 8768K, reserved 1048576K
}

